#
# There is insufficient memory for the Java Runtime Environment to continue.
# Native memory allocation (mmap) failed to map 134217728 bytes for Failed to commit area from 0x0000000081e00000 to 0x0000000089e00000 of length 134217728.
# Possible reasons:
#   The system is out of physical RAM or swap space
#   The process is running with CompressedOops enabled, and the Java Heap may be blocking the growth of the native heap
# Possible solutions:
#   Reduce memory load on the system
#   Increase physical memory or swap space
#   Check if swap backing store is full
#   Decrease Java heap size (-Xmx/-Xms)
#   Decrease number of Java threads
#   Decrease Java thread stack sizes (-Xss)
#   Set larger code cache with -XX:ReservedCodeCacheSize=
# This output file may be truncated or incomplete.
#
#  Out of Memory Error (t:/workspace/open/src/hotspot/os/windows/os_windows.cpp:3254), pid=6176, tid=28188
#
# JRE version:  (12.0.1+12) (build )
# Java VM: Java HotSpot(TM) 64-Bit Server VM (12.0.1+12, mixed mode, sharing, tiered, compressed oops, g1 gc, windows-amd64)
# No core dump will be written. Minidumps are not enabled by default on client versions of Windows
#

---------------  S U M M A R Y ------------

Command Line: -agentlib:jdwp=transport=dt_socket,suspend=y,address=localhost:61342 -javaagent:E:\jee-2019-06\eclipse\configuration\org.eclipse.osgi\411\0\.cp\lib\javaagent-shaded.jar -Dfile.encoding=GBK helloWorld.Main

Host: Intel(R) Core(TM) i5-8300H CPU @ 2.30GHz, 8 cores, 7G,  Windows 10 , 64 bit Build 18362 (10.0.18362.329)
Time: Mon Dec  2 18:53:44 2019 ?D1¨²¡À¨º¡Á?¨º¡À?? elapsed time: 0 seconds (0d 0h 0m 0s)

---------------  T H R E A D  ---------------

Current thread (0x000001b972ee8800):  JavaThread "Unknown thread" [_thread_in_vm, id=28188, stack(0x0000001ce1e00000,0x0000001ce1f00000)]

Stack: [0x0000001ce1e00000,0x0000001ce1f00000]
Native frames: (J=compiled Java code, j=interpreted, Vv=VM code, C=native code)
V  [jvm.dll+0x63948a]
V  [jvm.dll+0x78b31f]
V  [jvm.dll+0x78c9c1]
V  [jvm.dll+0x78d013]
V  [jvm.dll+0x262138]
V  [jvm.dll+0x63698a]
V  [jvm.dll+0x62b505]
V  [jvm.dll+0x31d9bc]
V  [jvm.dll+0x31d7ef]
V  [jvm.dll+0x323526]
V  [jvm.dll+0x370f76]
V  [jvm.dll+0x370750]
V  [jvm.dll+0x2f786a]
V  [jvm.dll+0x2f8af2]
V  [jvm.dll+0x7657b7]
V  [jvm.dll+0x766e95]
V  [jvm.dll+0x37f089]
V  [jvm.dll+0x749b14]
V  [jvm.dll+0x3ee48d]
V  [jvm.dll+0x3f03c1]
C  [jli.dll+0x51cf]
C  [ucrtbase.dll+0x20e72]
C  [KERNEL32.DLL+0x17bd4]
C  [ntdll.dll+0x6ced1]


---------------  P R O C E S S  ---------------

Threads class SMR info:
_java_thread_list=0x00007ff8da6848e8, length=0, elements={
}

Java Threads: ( => current thread )

Other Threads:
  0x000001b972f28800 GCTaskThread "GC Thread#0" [stack: 0x0000001ce1f00000,0x0000001ce2000000] [id=27896]
  0x000001b972f37800 ConcurrentGCThread "G1 Main Marker" [stack: 0x0000001ce2000000,0x0000001ce2100000] [id=28248]
  0x000001b972f3a000 ConcurrentGCThread "G1 Conc#0" [stack: 0x0000001ce2100000,0x0000001ce2200000] [id=28400]

[error occurred during error reporting (printing all threads), id 0xc0000005, EXCEPTION_ACCESS_VIOLATION (0xc0000005) at pc=0x00007ff8d9eb7a37]

VM state:not at safepoint (not fully initialized)

VM Mutex/Monitor currently owned by a thread:  ([mutex/lock_event])
[0x000001b972ee3510] Heap_lock - owner thread: 0x000001b972ee8800

Heap address: 0x0000000081e00000, size: 2018 MB, Compressed Oops mode: Non-zero based: 0x0000000081e00000
Narrow klass base: 0x0000000000000000, Narrow klass shift: 0

GC Heap History (0 events):
No events

Deoptimization events (0 events):
No events

Classes redefined (0 events):
No events

Internal exceptions (0 events):
No events

Events (0 events):
No events


Dynamic libraries:
0x00007ff7717b0000 - 0x00007ff7717bf000 	C:\Program Files\Java\jdk-12.0.1\bin\javaw.exe
0x00007ff923780000 - 0x00007ff923970000 	C:\WINDOWS\SYSTEM32\ntdll.dll
0x00007ff9235e0000 - 0x00007ff923692000 	C:\WINDOWS\System32\KERNEL32.DLL
0x00007ff9214d0000 - 0x00007ff921773000 	C:\WINDOWS\System32\KERNELBASE.dll
0x00007ff9210e0000 - 0x00007ff9211da000 	C:\WINDOWS\System32\ucrtbase.dll
0x00007ff9181c0000 - 0x00007ff9181d6000 	C:\Program Files\Java\jdk-12.0.1\bin\VCRUNTIME140.dll
0x00007ff911ab0000 - 0x00007ff911ac8000 	C:\Program Files\Java\jdk-12.0.1\bin\jli.dll
0x00007ff922f20000 - 0x00007ff922fc3000 	C:\WINDOWS\System32\ADVAPI32.dll
0x00007ff9236a0000 - 0x00007ff92373e000 	C:\WINDOWS\System32\msvcrt.dll
0x00007ff922dc0000 - 0x00007ff922e57000 	C:\WINDOWS\System32\sechost.dll
0x00007ff921990000 - 0x00007ff921ab0000 	C:\WINDOWS\System32\RPCRT4.dll
0x00007ff9223c0000 - 0x00007ff922554000 	C:\WINDOWS\System32\USER32.dll
0x00007ff921030000 - 0x00007ff921051000 	C:\WINDOWS\System32\win32u.dll
0x00007ff922d30000 - 0x00007ff922d56000 	C:\WINDOWS\System32\GDI32.dll
0x00007ff920710000 - 0x00007ff9208a4000 	C:\WINDOWS\System32\gdi32full.dll
0x00007ff921430000 - 0x00007ff9214ce000 	C:\WINDOWS\System32\msvcp_win.dll
0x00007ff907d60000 - 0x00007ff907fe5000 	C:\WINDOWS\WinSxS\amd64_microsoft.windows.common-controls_6595b64144ccf1df_6.0.18362.476_none_e6c4b11b130f2595\COMCTL32.dll
0x00007ff923160000 - 0x00007ff923496000 	C:\WINDOWS\System32\combase.dll
0x00007ff921060000 - 0x00007ff9210e0000 	C:\WINDOWS\System32\bcryptPrimitives.dll
0x00007ff918f50000 - 0x00007ff918f5a000 	C:\WINDOWS\SYSTEM32\VERSION.dll
0x00007ff923130000 - 0x00007ff92315e000 	C:\WINDOWS\System32\IMM32.DLL
0x00007ff8ff570000 - 0x00007ff8ff61a000 	C:\Program Files\Java\jdk-12.0.1\bin\msvcp140.dll
0x00007ff8d9bb0000 - 0x00007ff8da724000 	C:\Program Files\Java\jdk-12.0.1\bin\server\jvm.dll
0x00007ff921cc0000 - 0x00007ff921cc8000 	C:\WINDOWS\System32\PSAPI.DLL
0x00007ff912570000 - 0x00007ff912579000 	C:\WINDOWS\SYSTEM32\WSOCK32.dll
0x00007ff923060000 - 0x00007ff9230cf000 	C:\WINDOWS\System32\WS2_32.dll
0x00007ff91deb0000 - 0x00007ff91ded4000 	C:\WINDOWS\SYSTEM32\WINMM.dll
0x00007ff91de80000 - 0x00007ff91dead000 	C:\WINDOWS\SYSTEM32\winmmbase.dll
0x00007ff9211e0000 - 0x00007ff92122a000 	C:\WINDOWS\System32\cfgmgr32.dll
0x00007ff9206b0000 - 0x00007ff9206c1000 	C:\WINDOWS\System32\kernel.appcore.dll
0x00007ff90b940000 - 0x00007ff90b951000 	C:\Program Files\Java\jdk-12.0.1\bin\verify.dll
0x00007ff91ef90000 - 0x00007ff91f184000 	C:\WINDOWS\SYSTEM32\DBGHELP.DLL
0x00007ff915e50000 - 0x00007ff915e7a000 	C:\WINDOWS\SYSTEM32\dbgcore.DLL
0x00007ff8fcb90000 - 0x00007ff8fcbb6000 	C:\Program Files\Java\jdk-12.0.1\bin\java.dll
0x00007ff90f360000 - 0x00007ff90f398000 	C:\Program Files\Java\jdk-12.0.1\bin\jdwp.dll
0x00007ff91b790000 - 0x00007ff91b79e000 	C:\Program Files\Java\jdk-12.0.1\bin\instrument.dll
0x00007ff90aa80000 - 0x00007ff90aa97000 	C:\Program Files\Java\jdk-12.0.1\bin\zip.dll
0x00007ff911a90000 - 0x00007ff911a9a000 	C:\Program Files\Java\jdk-12.0.1\bin\jimage.dll

dbghelp: loaded successfully - version: 4.0.5 - missing functions: none
symbol engine: initialized successfully - sym options: 0x614 - pdb path: .;C:\Program Files\Java\jdk-12.0.1\bin;C:\WINDOWS\SYSTEM32;C:\WINDOWS\WinSxS\amd64_microsoft.windows.common-controls_6595b64144ccf1df_6.0.18362.476_none_e6c4b11b130f2595;C:\Program Files\Java\jdk-12.0.1\bin\server

VM Arguments:
jvm_args: -agentlib:jdwp=transport=dt_socket,suspend=y,address=localhost:61342 -javaagent:E:\jee-2019-06\eclipse\configuration\org.eclipse.osgi\411\0\.cp\lib\javaagent-shaded.jar -Dfile.encoding=GBK 
java_command: helloWorld.Main
java_class_path (initial): E:\zcx\java\helloWorld\bin
Launcher Type: SUN_STANDARD

[Global flags]
     intx CICompilerCount                          = 4                                         {product} {ergonomic}
     uint ConcGCThreads                            = 2                                         {product} {ergonomic}
     uint G1ConcRefinementThreads                  = 8                                         {product} {ergonomic}
   size_t G1HeapRegionSize                         = 1048576                                   {product} {ergonomic}
    uintx GCDrainStackTargetSize                   = 64                                        {product} {ergonomic}
   size_t InitialHeapSize                          = 134217728                                 {product} {ergonomic}
   size_t MarkStackSize                            = 4194304                                   {product} {ergonomic}
   size_t MaxHeapSize                              = 2116026368                                {product} {ergonomic}
   size_t MinHeapDeltaBytes                        = 1048576                                   {product} {ergonomic}
    uintx NonNMethodCodeHeapSize                   = 5836300                                {pd product} {ergonomic}
    uintx NonProfiledCodeHeapSize                  = 122910970                              {pd product} {ergonomic}
    uintx ProfiledCodeHeapSize                     = 122910970                              {pd product} {ergonomic}
    uintx ReservedCodeCacheSize                    = 251658240                              {pd product} {ergonomic}
     bool SegmentedCodeCache                       = true                                      {product} {ergonomic}
     bool UseCompressedClassPointers               = true                                 {lp64_product} {ergonomic}
     bool UseCompressedOops                        = true                                 {lp64_product} {ergonomic}
     bool UseG1GC                                  = true                                      {product} {ergonomic}
     bool UseLargePagesIndividualAllocation        = false                                  {pd product} {ergonomic}

Logging:
Log output configuration:
 #0: stdout all=warning uptime,level,tags
 #1: stderr all=off uptime,level,tags

Environment Variables:
JAVA_HOME=C:\Program Files\Java\jdk-12.0.1
CLASSPATH=.;C:\Program Files\Java\jdk-12.0.1\lib\dt.jar;C:\Program Files\Java\jdk-12.0.1\lib\tools.jar;
PATH=C:/Program Files/Java/jdk-12.0.1/bin/server;C:/Program Files/Java/jdk-12.0.1/bin;C:\Program Files\WinRAR;C:\Program Files (x86)\Intel\Intel(R) Management Engine Components\iCLS\;C:\Program Files\Intel\Intel(R) Management Engine Components\iCLS\;C:\Windows\system32;C:\Windows;C:\Windows\System32\Wbem;C:\Windows\System32\WindowsPowerShell\v1.0\;C:\Program Files (x86)\Intel\Intel(R) Management Engine Components\DAL;C:\Program Files\Intel\Intel(R) Management Engine Components\DAL;C:\Program Files (x86)\Intel\Intel(R) Management Engine Components\IPT;C:\Program Files\Intel\Intel(R) Management Engine Components\IPT;C:\Program Files (x86)\NVIDIA Corporation\PhysX\Common;C:\WINDOWS\system32;C:\WINDOWS;C:\WINDOWS\System32\Wbem;C:\WINDOWS\System32\WindowsPowerShell\v1.0\;C:\WINDOWS\System32\OpenSSH\;C:\Program Files\dotnet\;C:\Users\11313\AppData\Local\Programs\Python\Python36\Scripts\;C:\Users\11313\AppData\Local\Programs\Python\Python36\;C:\Users\11313\AppData\Local\Microsoft\WindowsApps;E:\zcx\WebStorm 2018.3.3\bin;C:\Program Files\Java\jdk-12.0.1\bin;C:\Program Files\Java\jdk-12.0.1\jre\bin;E:\zcx\1131396332\FileRecv;
USERNAME=11313
OS=Windows_NT
PROCESSOR_IDENTIFIER=Intel64 Family 6 Model 158 Stepping 10, GenuineIntel



---------------  S Y S T E M  ---------------

OS: Windows 10 , 64 bit Build 18362 (10.0.18362.329)

CPU:total 8 (initial active 8) (4 cores per cpu, 2 threads per core) family 6 model 158 stepping 10, cmov, cx8, fxsr, mmx, sse, sse2, sse3, ssse3, sse4.1, sse4.2, popcnt, avx, avx2, aes, clmul, erms, 3dnowpref, lzcnt, ht, tsc, tscinvbit, bmi1, bmi2, adx, fma

Memory: 4k page, system-wide physical 8066M (1477M free)
TotalPageFile size 32642M (AvailPageFile size 49M)
current process WorkingSet (physical memory assigned to process): 10M, peak: 10M
current process commit charge ("private bytes"): 60M, peak: 188M

vm_info: Java HotSpot(TM) 64-Bit Server VM (12.0.1+12) for windows-amd64 JRE (12.0.1+12), built on Apr  2 2019 14:02:19 by "mach5one" with MS VC++ 15.5 (VS2017)

END.
